# JRE version: OpenJDK Runtime Environment Microsoft-8902769 (17.0.10+7) (build 17.0.10+7-LTS)
# Java VM: OpenJDK 64-Bit Server VM Microsoft-8902769 (17.0.10+7-LTS, mixed mode, sharing, tiered, compressed oops, compressed class ptrs, g1 gc, windows-amd64)
GC Precious Log:
 CPUs: 8 total, 8 available
 Memory: 8023M
 Large Page Support: Disabled
 NUMA Support: Disabled
 Compressed Oops: Enabled (Zero based)
 Heap Region Size: 2M
 Heap Min Capacity: 8M
 Heap Initial Capacity: 126M
 Heap Max Capacity: 4G
 Pre-touch: Disabled
 Parallel Workers: 8
 Concurrent Workers: 2
 Concurrent Refinement Workers: 8
 Periodic GC: Disabled
Heap:
 garbage-first heap   total 92160K, used 53196K [0x0000000700000000, 0x0000000800000000)
  region size 2048K, 3 young (6144K), 1 survivors (2048K)
 Metaspace       used 51524K, committed 52160K, reserved 1114112K
  class space    used 7291K, committed 7616K, reserved 1048576K
GC Heap History (20 events):
Event: 4.647 GC heap before
{Heap before GC invocations=6 (full 0):
 garbage-first heap   total 90112K, used 69705K [0x0000000700000000, 0x0000000800000000)
  region size 2048K, 26 young (53248K), 2 survivors (4096K)
 Metaspace       used 29575K, committed 29952K, reserved 1114112K
  class space    used 4150K, committed 4288K, reserved 1048576K
}
Event: 4.654 GC heap after
{Heap after GC invocations=7 (full 0):
 garbage-first heap   total 90112K, used 26635K [0x0000000700000000, 0x0000000800000000)
  region size 2048K, 4 young (8192K), 4 survivors (8192K)
 Metaspace       used 29575K, committed 29952K, reserved 1114112K
  class space    used 4150K, committed 4288K, reserved 1048576K
}
Event: 5.301 GC heap before
{Heap before GC invocations=7 (full 0):
 garbage-first heap   total 90112K, used 69643K [0x0000000700000000, 0x0000000800000000)
  region size 2048K, 23 young (47104K), 4 survivors (8192K)
 Metaspace       used 32609K, committed 33088K, reserved 1114112K
  class space    used 4501K, committed 4736K, reserved 1048576K
}
Event: 5.310 GC heap after
{Heap after GC invocations=8 (full 0):
 garbage-first heap   total 90112K, used 29714K [0x0000000700000000, 0x0000000800000000)
  region size 2048K, 2 young (4096K), 2 survivors (4096K)
 Metaspace       used 32609K, committed 33088K, reserved 1114112K
  class space    used 4501K, committed 4736K, reserved 1048576K
}
Event: 10.409 GC heap before
{Heap before GC invocations=8 (full 0):
 garbage-first heap   total 90112K, used 64530K [0x0000000700000000, 0x0000000800000000)
  region size 2048K, 19 young (38912K), 2 survivors (4096K)
 Metaspace       used 34838K, committed 35328K, reserved 1114112K
  class space    used 4832K, committed 5056K, reserved 1048576K
}
Event: 10.415 GC heap after
{Heap after GC invocations=9 (full 0):
 garbage-first heap   total 90112K, used 32506K [0x0000000700000000, 0x0000000800000000)
  region size 2048K, 2 young (4096K), 2 survivors (4096K)
 Metaspace       used 34838K, committed 35328K, reserved 1114112K
  class space    used 4832K, committed 5056K, reserved 1048576K
}
Event: 10.542 GC heap before
{Heap before GC invocations=9 (full 0):
 garbage-first heap   total 90112K, used 42746K [0x0000000700000000, 0x0000000800000000)
  region size 2048K, 9 young (18432K), 2 survivors (4096K)
 Metaspace       used 35673K, committed 36096K, reserved 1114112K
  class space    used 4845K, committed 5056K, reserved 1048576K
}
Event: 10.545 GC heap after
{Heap after GC invocations=10 (full 0):
 garbage-first heap   total 90112K, used 33379K [0x0000000700000000, 0x0000000800000000)
  region size 2048K, 2 young (4096K), 2 survivors (4096K)
 Metaspace       used 35673K, committed 36096K, reserved 1114112K
  class space    used 4845K, committed 5056K, reserved 1048576K
}
Event: 12.006 GC heap before
{Heap before GC invocations=11 (full 0):
 garbage-first heap   total 90112K, used 66147K [0x0000000700000000, 0x0000000800000000)
  region size 2048K, 18 young (36864K), 2 survivors (4096K)
 Metaspace       used 39060K, committed 39552K, reserved 1114112K
  class space    used 5415K, committed 5632K, reserved 1048576K
}
Event: 12.013 GC heap after
{Heap after GC invocations=12 (full 0):
 garbage-first heap   total 90112K, used 34287K [0x0000000700000000, 0x0000000800000000)
  region size 2048K, 1 young (2048K), 1 survivors (2048K)
 Metaspace       used 39060K, committed 39552K, reserved 1114112K
  class space    used 5415K, committed 5632K, reserved 1048576K
}
Event: 13.502 GC heap before
{Heap before GC invocations=12 (full 0):
 garbage-first heap   total 90112K, used 67055K [0x0000000700000000, 0x0000000800000000)
  region size 2048K, 17 young (34816K), 1 survivors (2048K)
 Metaspace       used 42676K, committed 43200K, reserved 1114112K
  class space    used 5974K, committed 6208K, reserved 1048576K
}
Event: 13.508 GC heap after
{Heap after GC invocations=13 (full 0):
 garbage-first heap   total 90112K, used 36180K [0x0000000700000000, 0x0000000800000000)
  region size 2048K, 2 young (4096K), 2 survivors (4096K)
 Metaspace       used 42676K, committed 43200K, reserved 1114112K
  class space    used 5974K, committed 6208K, reserved 1048576K
}
Event: 15.391 GC heap before
{Heap before GC invocations=13 (full 0):
 garbage-first heap   total 90112K, used 68948K [0x0000000700000000, 0x0000000800000000)
  region size 2048K, 18 young (36864K), 2 survivors (4096K)
 Metaspace       used 46350K, committed 46976K, reserved 1114112K
  class space    used 6551K, committed 6848K, reserved 1048576K
}
Event: 15.399 GC heap after
{Heap after GC invocations=14 (full 0):
 garbage-first heap   total 90112K, used 38060K [0x0000000700000000, 0x0000000800000000)
  region size 2048K, 2 young (4096K), 2 survivors (4096K)
 Metaspace       used 46350K, committed 46976K, reserved 1114112K
  class space    used 6551K, committed 6848K, reserved 1048576K
}
Event: 15.787 GC heap before
{Heap before GC invocations=14 (full 0):
 garbage-first heap   total 90112K, used 48300K [0x0000000700000000, 0x0000000800000000)
  region size 2048K, 6 young (12288K), 2 survivors (4096K)
 Metaspace       used 46569K, committed 47232K, reserved 1114112K
  class space    used 6573K, committed 6848K, reserved 1048576K
}
Event: 15.793 GC heap after
{Heap after GC invocations=15 (full 0):
 garbage-first heap   total 90112K, used 43786K [0x0000000700000000, 0x0000000800000000)
  region size 2048K, 2 young (4096K), 2 survivors (4096K)
 Metaspace       used 46569K, committed 47232K, reserved 1114112K
  class space    used 6573K, committed 6848K, reserved 1048576K
}
Event: 16.897 GC heap before
{Heap before GC invocations=16 (full 0):
 garbage-first heap   total 90112K, used 72458K [0x0000000700000000, 0x0000000800000000)
  region size 2048K, 14 young (28672K), 2 survivors (4096K)
 Metaspace       used 49336K, committed 49984K, reserved 1114112K
  class space    used 6925K, committed 7232K, reserved 1048576K
}
Event: 16.903 GC heap after
{Heap after GC invocations=17 (full 0):
 garbage-first heap   total 90112K, used 49924K [0x0000000700000000, 0x0000000800000000)
  region size 2048K, 2 young (4096K), 2 survivors (4096K)
 Metaspace       used 49336K, committed 49984K, reserved 1114112K
  class space    used 6925K, committed 7232K, reserved 1048576K
}
Event: 17.832 GC heap before
{Heap before GC invocations=17 (full 0):
 garbage-first heap   total 90112K, used 70404K [0x0000000700000000, 0x0000000800000000)
  region size 2048K, 12 young (24576K), 2 survivors (4096K)
 Metaspace       used 51289K, committed 51904K, reserved 1114112K
  class space    used 7250K, committed 7552K, reserved 1048576K
}
Event: 17.838 GC heap after
{Heap after GC invocations=18 (full 0):
 garbage-first heap   total 90112K, used 51148K [0x0000000700000000, 0x0000000800000000)
  region size 2048K, 1 young (2048K), 1 survivors (2048K)
 Metaspace       used 51289K, committed 51904K, reserved 1114112K
  class space    used 7250K, committed 7552K, reserved 1048576K
}

