# JRE version: OpenJDK Runtime Environment Microsoft-8902769 (17.0.10+7) (build 17.0.10+7-LTS)
# Java VM: OpenJDK 64-Bit Server VM Microsoft-8902769 (17.0.10+7-LTS, mixed mode, sharing, tiered, compressed oops, compressed class ptrs, g1 gc, windows-amd64)
GC Precious Log:
 CPUs: 8 total, 8 available
 Memory: 8023M
 Large Page Support: Disabled
 NUMA Support: Disabled
 Compressed Oops: Enabled (Zero based)
 Heap Region Size: 2M
 Heap Min Capacity: 8M
 Heap Initial Capacity: 126M
 Heap Max Capacity: 4G
 Pre-touch: Disabled
 Parallel Workers: 8
 Concurrent Workers: 2
 Concurrent Refinement Workers: 8
 Periodic GC: Disabled
Heap:
 garbage-first heap   total 411648K, used 224535K [0x0000000700000000, 0x0000000800000000)
  region size 2048K, 8 young (16384K), 8 survivors (16384K)
 Metaspace       used 96294K, committed 97152K, reserved 1179648K
  class space    used 13557K, committed 13952K, reserved 1048576K
GC Heap History (20 events):
Event: 27.427 GC heap after
{Heap after GC invocations=35 (full 0):
 garbage-first heap   total 182272K, used 94748K [0x0000000700000000, 0x0000000800000000)
  region size 2048K, 1 young (2048K), 1 survivors (2048K)
 Metaspace       used 83677K, committed 84480K, reserved 1179648K
  class space    used 11821K, committed 12224K, reserved 1048576K
}
Event: 28.525 GC heap before
{Heap before GC invocations=35 (full 0):
 garbage-first heap   total 182272K, used 147996K [0x0000000700000000, 0x0000000800000000)
  region size 2048K, 28 young (57344K), 1 survivors (2048K)
 Metaspace       used 86845K, committed 87680K, reserved 1179648K
  class space    used 12292K, committed 12672K, reserved 1048576K
}
Event: 28.533 GC heap after
{Heap after GC invocations=36 (full 0):
 garbage-first heap   total 182272K, used 99429K [0x0000000700000000, 0x0000000800000000)
  region size 2048K, 3 young (6144K), 3 survivors (6144K)
 Metaspace       used 86845K, committed 87680K, reserved 1179648K
  class space    used 12292K, committed 12672K, reserved 1048576K
}
Event: 29.423 GC heap before
{Heap before GC invocations=37 (full 0):
 garbage-first heap   total 184320K, used 148581K [0x0000000700000000, 0x0000000800000000)
  region size 2048K, 27 young (55296K), 3 survivors (6144K)
 Metaspace       used 90414K, committed 91264K, reserved 1179648K
  class space    used 12839K, committed 13248K, reserved 1048576K
}
Event: 29.432 GC heap after
{Heap after GC invocations=38 (full 0):
 garbage-first heap   total 184320K, used 102278K [0x0000000700000000, 0x0000000800000000)
  region size 2048K, 2 young (4096K), 2 survivors (4096K)
 Metaspace       used 90414K, committed 91264K, reserved 1179648K
  class space    used 12839K, committed 13248K, reserved 1048576K
}
Event: 29.540 GC heap before
{Heap before GC invocations=38 (full 0):
 garbage-first heap   total 184320K, used 104326K [0x0000000700000000, 0x0000000800000000)
  region size 2048K, 4 young (8192K), 2 survivors (4096K)
 Metaspace       used 91638K, committed 92416K, reserved 1179648K
  class space    used 12969K, committed 13312K, reserved 1048576K
}
Event: 29.543 GC heap after
{Heap after GC invocations=39 (full 0):
 garbage-first heap   total 184320K, used 102129K [0x0000000700000000, 0x0000000800000000)
  region size 2048K, 1 young (2048K), 1 survivors (2048K)
 Metaspace       used 91638K, committed 92416K, reserved 1179648K
  class space    used 12969K, committed 13312K, reserved 1048576K
}
Event: 31.041 GC heap before
{Heap before GC invocations=39 (full 0):
 garbage-first heap   total 184320K, used 151281K [0x0000000700000000, 0x0000000800000000)
  region size 2048K, 25 young (51200K), 1 survivors (2048K)
 Metaspace       used 94228K, committed 95040K, reserved 1179648K
  class space    used 13289K, committed 13632K, reserved 1048576K
}
Event: 31.050 GC heap after
{Heap after GC invocations=40 (full 0):
 garbage-first heap   total 239616K, used 105248K [0x0000000700000000, 0x0000000800000000)
  region size 2048K, 2 young (4096K), 2 survivors (4096K)
 Metaspace       used 94228K, committed 95040K, reserved 1179648K
  class space    used 13289K, committed 13632K, reserved 1048576K
}
Event: 33.843 GC heap before
{Heap before GC invocations=41 (full 0):
 garbage-first heap   total 403456K, used 359200K [0x0000000700000000, 0x0000000800000000)
  region size 2048K, 47 young (96256K), 2 survivors (4096K)
 Metaspace       used 96262K, committed 97088K, reserved 1179648K
  class space    used 13557K, committed 13952K, reserved 1048576K
}
Event: 33.867 GC heap after
{Heap after GC invocations=42 (full 0):
 garbage-first heap   total 403456K, used 115033K [0x0000000700000000, 0x0000000800000000)
  region size 2048K, 6 young (12288K), 6 survivors (12288K)
 Metaspace       used 96262K, committed 97088K, reserved 1179648K
  class space    used 13557K, committed 13952K, reserved 1048576K
}
Event: 33.971 GC heap before
{Heap before GC invocations=42 (full 0):
 garbage-first heap   total 403456K, used 119129K [0x0000000700000000, 0x0000000800000000)
  region size 2048K, 9 young (18432K), 6 survivors (12288K)
 Metaspace       used 96274K, committed 97152K, reserved 1179648K
  class space    used 13557K, committed 13952K, reserved 1048576K
}
Event: 33.986 GC heap after
{Heap after GC invocations=43 (full 0):
 garbage-first heap   total 403456K, used 116716K [0x0000000700000000, 0x0000000800000000)
  region size 2048K, 2 young (4096K), 2 survivors (4096K)
 Metaspace       used 96274K, committed 97152K, reserved 1179648K
  class space    used 13557K, committed 13952K, reserved 1048576K
}
Event: 34.468 GC heap before
{Heap before GC invocations=43 (full 0):
 garbage-first heap   total 403456K, used 374764K [0x0000000700000000, 0x0000000800000000)
  region size 2048K, 54 young (110592K), 2 survivors (4096K)
 Metaspace       used 96294K, committed 97152K, reserved 1179648K
  class space    used 13557K, committed 13952K, reserved 1048576K
}
Event: 34.480 GC heap after
{Heap after GC invocations=44 (full 0):
 garbage-first heap   total 411648K, used 175820K [0x0000000700000000, 0x0000000800000000)
  region size 2048K, 11 young (22528K), 11 survivors (22528K)
 Metaspace       used 96294K, committed 97152K, reserved 1179648K
  class space    used 13557K, committed 13952K, reserved 1048576K
}
Event: 34.707 GC heap before
{Heap before GC invocations=44 (full 0):
 garbage-first heap   total 411648K, used 265932K [0x0000000700000000, 0x0000000800000000)
  region size 2048K, 26 young (53248K), 11 survivors (22528K)
 Metaspace       used 96294K, committed 97152K, reserved 1179648K
  class space    used 13557K, committed 13952K, reserved 1048576K
}
Event: 34.723 GC heap after
{Heap after GC invocations=45 (full 0):
 garbage-first heap   total 411648K, used 196555K [0x0000000700000000, 0x0000000800000000)
  region size 2048K, 5 young (10240K), 5 survivors (10240K)
 Metaspace       used 96294K, committed 97152K, reserved 1179648K
  class space    used 13557K, committed 13952K, reserved 1048576K
}
Event: 34.863 GC heap before
{Heap before GC invocations=45 (full 0):
 garbage-first heap   total 411648K, used 262091K [0x0000000700000000, 0x0000000800000000)
  region size 2048K, 16 young (32768K), 5 survivors (10240K)
 Metaspace       used 96294K, committed 97152K, reserved 1179648K
  class space    used 13557K, committed 13952K, reserved 1048576K
}
Event: 34.870 GC heap after
{Heap after GC invocations=46 (full 0):
 garbage-first heap   total 411648K, used 211275K [0x0000000700000000, 0x0000000800000000)
  region size 2048K, 8 young (16384K), 8 survivors (16384K)
 Metaspace       used 96294K, committed 97152K, reserved 1179648K
  class space    used 13557K, committed 13952K, reserved 1048576K
}
Event: 34.967 GC heap before
{Heap before GC invocations=46 (full 0):
 garbage-first heap   total 411648K, used 258379K [0x0000000700000000, 0x0000000800000000)
  region size 2048K, 17 young (34816K), 8 survivors (16384K)
 Metaspace       used 96294K, committed 97152K, reserved 1179648K
  class space    used 13557K, committed 13952K, reserved 1048576K
}

