# JRE version: OpenJDK Runtime Environment Microsoft-8902769 (17.0.10+7) (build 17.0.10+7-LTS)
# Java VM: OpenJDK 64-Bit Server VM Microsoft-8902769 (17.0.10+7-LTS, mixed mode, sharing, tiered, compressed oops, compressed class ptrs, g1 gc, windows-amd64)
GC Precious Log:
 CPUs: 8 total, 8 available
 Memory: 8023M
 Large Page Support: Disabled
 NUMA Support: Disabled
 Compressed Oops: Enabled (Zero based)
 Heap Region Size: 2M
 Heap Min Capacity: 8M
 Heap Initial Capacity: 126M
 Heap Max Capacity: 4G
 Pre-touch: Disabled
 Parallel Workers: 8
 Concurrent Workers: 2
 Concurrent Refinement Workers: 8
 Periodic GC: Disabled
Heap:
 garbage-first heap   total 653312K, used 419781K [0x0000000700000000, 0x0000000800000000)
  region size 2048K, 3 young (6144K), 3 survivors (6144K)
 Metaspace       used 96468K, committed 97344K, reserved 1179648K
  class space    used 13596K, committed 14016K, reserved 1048576K
GC Heap History (20 events):
Event: 30.905 GC heap after
{Heap after GC invocations=42 (full 0):
 garbage-first heap   total 364544K, used 119033K [0x0000000700000000, 0x0000000800000000)
  region size 2048K, 8 young (16384K), 8 survivors (16384K)
 Metaspace       used 96481K, committed 97344K, reserved 1179648K
  class space    used 13600K, committed 14016K, reserved 1048576K
}
Event: 30.951 GC heap before
{Heap before GC invocations=42 (full 0):
 garbage-first heap   total 364544K, used 157945K [0x0000000700000000, 0x0000000800000000)
  region size 2048K, 10 young (20480K), 8 survivors (16384K)
 Metaspace       used 96481K, committed 97344K, reserved 1179648K
  class space    used 13600K, committed 14016K, reserved 1048576K
}
Event: 30.963 GC heap after
{Heap after GC invocations=43 (full 0):
 garbage-first heap   total 364544K, used 130854K [0x0000000700000000, 0x0000000800000000)
  region size 2048K, 4 young (8192K), 4 survivors (8192K)
 Metaspace       used 96481K, committed 97344K, reserved 1179648K
  class space    used 13600K, committed 14016K, reserved 1048576K
}
Event: 30.968 GC heap before
{Heap before GC invocations=43 (full 0):
 garbage-first heap   total 364544K, used 136998K [0x0000000700000000, 0x0000000800000000)
  region size 2048K, 5 young (10240K), 4 survivors (8192K)
 Metaspace       used 96481K, committed 97344K, reserved 1179648K
  class space    used 13600K, committed 14016K, reserved 1048576K
}
Event: 30.973 GC heap after
{Heap after GC invocations=44 (full 0):
 garbage-first heap   total 622592K, used 133126K [0x0000000700000000, 0x0000000800000000)
  region size 2048K, 5 young (10240K), 5 survivors (10240K)
 Metaspace       used 96481K, committed 97344K, reserved 1179648K
  class space    used 13600K, committed 14016K, reserved 1048576K
}
Event: 30.981 GC heap before
{Heap before GC invocations=44 (full 0):
 garbage-first heap   total 622592K, used 137222K [0x0000000700000000, 0x0000000800000000)
  region size 2048K, 6 young (12288K), 5 survivors (10240K)
 Metaspace       used 96481K, committed 97344K, reserved 1179648K
  class space    used 13600K, committed 14016K, reserved 1048576K
}
Event: 30.985 GC heap after
{Heap after GC invocations=45 (full 0):
 garbage-first heap   total 622592K, used 130610K [0x0000000700000000, 0x0000000800000000)
  region size 2048K, 4 young (8192K), 4 survivors (8192K)
 Metaspace       used 96481K, committed 97344K, reserved 1179648K
  class space    used 13600K, committed 14016K, reserved 1048576K
}
Event: 31.534 GC heap before
{Heap before GC invocations=46 (full 0):
 garbage-first heap   total 622592K, used 562738K [0x0000000700000000, 0x0000000800000000)
  region size 2048K, 75 young (153600K), 4 survivors (8192K)
 Metaspace       used 96468K, committed 97344K, reserved 1179648K
  class space    used 13596K, committed 14016K, reserved 1048576K
}
Event: 31.557 GC heap after
{Heap after GC invocations=47 (full 0):
 garbage-first heap   total 622592K, used 230142K [0x0000000700000000, 0x0000000800000000)
  region size 2048K, 17 young (34816K), 17 survivors (34816K)
 Metaspace       used 96468K, committed 97344K, reserved 1179648K
  class space    used 13596K, committed 14016K, reserved 1048576K
}
Event: 31.561 GC heap before
{Heap before GC invocations=47 (full 0):
 garbage-first heap   total 622592K, used 232190K [0x0000000700000000, 0x0000000800000000)
  region size 2048K, 18 young (36864K), 17 survivors (34816K)
 Metaspace       used 96468K, committed 97344K, reserved 1179648K
  class space    used 13596K, committed 14016K, reserved 1048576K
}
Event: 31.575 GC heap after
{Heap after GC invocations=48 (full 0):
 garbage-first heap   total 622592K, used 231555K [0x0000000700000000, 0x0000000800000000)
  region size 2048K, 1 young (2048K), 1 survivors (2048K)
 Metaspace       used 96468K, committed 97344K, reserved 1179648K
  class space    used 13596K, committed 14016K, reserved 1048576K
}
Event: 31.856 GC heap before
{Heap before GC invocations=48 (full 0):
 garbage-first heap   total 622592K, used 473219K [0x0000000700000000, 0x0000000800000000)
  region size 2048K, 24 young (49152K), 1 survivors (2048K)
 Metaspace       used 96468K, committed 97344K, reserved 1179648K
  class space    used 13596K, committed 14016K, reserved 1048576K
}
Event: 31.862 GC heap after
{Heap after GC invocations=49 (full 0):
 garbage-first heap   total 622592K, used 296411K [0x0000000700000000, 0x0000000800000000)
  region size 2048K, 9 young (18432K), 9 survivors (18432K)
 Metaspace       used 96468K, committed 97344K, reserved 1179648K
  class space    used 13596K, committed 14016K, reserved 1048576K
}
Event: 31.895 GC heap before
{Heap before GC invocations=49 (full 0):
 garbage-first heap   total 622592K, used 314843K [0x0000000700000000, 0x0000000800000000)
  region size 2048K, 10 young (20480K), 9 survivors (18432K)
 Metaspace       used 96468K, committed 97344K, reserved 1179648K
  class space    used 13596K, committed 14016K, reserved 1048576K
}
Event: 31.900 GC heap after
{Heap after GC invocations=50 (full 0):
 garbage-first heap   total 622592K, used 301605K [0x0000000700000000, 0x0000000800000000)
  region size 2048K, 1 young (2048K), 1 survivors (2048K)
 Metaspace       used 96468K, committed 97344K, reserved 1179648K
  class space    used 13596K, committed 14016K, reserved 1048576K
}
Event: 32.291 GC heap before
{Heap before GC invocations=51 (full 0):
 garbage-first heap   total 653312K, used 625189K [0x0000000700000000, 0x0000000800000000)
  region size 2048K, 31 young (63488K), 1 survivors (2048K)
 Metaspace       used 96468K, committed 97344K, reserved 1179648K
  class space    used 13596K, committed 14016K, reserved 1048576K
}
Event: 32.297 GC heap after
{Heap after GC invocations=52 (full 0):
 garbage-first heap   total 653312K, used 412495K [0x0000000700000000, 0x0000000800000000)
  region size 2048K, 8 young (16384K), 8 survivors (16384K)
 Metaspace       used 96468K, committed 97344K, reserved 1179648K
  class space    used 13596K, committed 14016K, reserved 1048576K
}
Event: 32.321 GC heap before
{Heap before GC invocations=52 (full 0):
 garbage-first heap   total 653312K, used 424783K [0x0000000700000000, 0x0000000800000000)
  region size 2048K, 15 young (30720K), 8 survivors (16384K)
 Metaspace       used 96468K, committed 97344K, reserved 1179648K
  class space    used 13596K, committed 14016K, reserved 1048576K
}
Event: 32.328 GC heap after
{Heap after GC invocations=53 (full 0):
 garbage-first heap   total 653312K, used 414521K [0x0000000700000000, 0x0000000800000000)
  region size 2048K, 2 young (4096K), 2 survivors (4096K)
 Metaspace       used 96468K, committed 97344K, reserved 1179648K
  class space    used 13596K, committed 14016K, reserved 1048576K
}
Event: 32.350 GC heap before
{Heap before GC invocations=53 (full 0):
 garbage-first heap   total 653312K, used 426809K [0x0000000700000000, 0x0000000800000000)
  region size 2048K, 6 young (12288K), 2 survivors (4096K)
 Metaspace       used 96468K, committed 97344K, reserved 1179648K
  class space    used 13596K, committed 14016K, reserved 1048576K
}

